0 info it worked if it ends with ok
1 verbose cli [ '/home/unblevable/.nvm/v0.10.9/bin/node',
1 verbose cli   '/home/unblevable/.nvm/v0.10.9/bin/npm',
1 verbose cli   'install' ]
2 info using npm@1.2.24
3 info using node@v0.10.9
4 verbose read json /home/unblevable/Code/cumulus.af/server/package.json
5 error install Couldn't read dependencies
6 error Failed to parse json
6 error Unexpected string
7 error File: /home/unblevable/Code/cumulus.af/server/package.json
8 error Failed to parse package.json data.
8 error package.json must be actual JSON, not just JavaScript.
8 error
8 error This is not a bug in npm.
8 error Tell the package author to fix their package.json file. JSON.parse
9 error System Linux 3.8.0-30-generic
10 error command "/home/unblevable/.nvm/v0.10.9/bin/node" "/home/unblevable/.nvm/v0.10.9/bin/npm" "install"
11 error cwd /home/unblevable/Code/cumulus.af/server
12 error node -v v0.10.9
13 error npm -v 1.2.24
14 error file /home/unblevable/Code/cumulus.af/server/package.json
15 error code EJSONPARSE
16 verbose exit [ 1, true ]
